[0.847s] Invoking command in '/home/james/my_robot_controller': PYTHONPATH=/home/james/my_robot_controller/build/my_robot_controller/prefix_override:/home/james/my_robot_controller/install/my_robot_controller/lib/python3.10/site-packages:${PYTHONPATH} /usr/bin/python3 setup.py egg_info --egg-base build/my_robot_controller build --build-base /home/james/my_robot_controller/build/my_robot_controller/build install --record /home/james/my_robot_controller/build/my_robot_controller/install.log --single-version-externally-managed
[1.131s] running egg_info
[1.131s] creating build/my_robot_controller/my_robot_controller.egg-info
[1.132s] writing build/my_robot_controller/my_robot_controller.egg-info/PKG-INFO
[1.132s] writing dependency_links to build/my_robot_controller/my_robot_controller.egg-info/dependency_links.txt
[1.132s] writing entry points to build/my_robot_controller/my_robot_controller.egg-info/entry_points.txt
[1.132s] writing requirements to build/my_robot_controller/my_robot_controller.egg-info/requires.txt
[1.132s] writing top-level names to build/my_robot_controller/my_robot_controller.egg-info/top_level.txt
[1.133s] writing manifest file 'build/my_robot_controller/my_robot_controller.egg-info/SOURCES.txt'
[1.134s] reading manifest file 'build/my_robot_controller/my_robot_controller.egg-info/SOURCES.txt'
[1.135s] writing manifest file 'build/my_robot_controller/my_robot_controller.egg-info/SOURCES.txt'
[1.135s] running build
[1.135s] running build_py
[1.135s] creating /home/james/my_robot_controller/build/my_robot_controller/build
[1.136s] creating /home/james/my_robot_controller/build/my_robot_controller/build/lib
[1.136s] creating /home/james/my_robot_controller/build/my_robot_controller/build/lib/my_robot_controller
[1.136s] copying my_robot_controller/__init__.py -> /home/james/my_robot_controller/build/my_robot_controller/build/lib/my_robot_controller
[1.136s] copying my_robot_controller/gripper_test_server.py -> /home/james/my_robot_controller/build/my_robot_controller/build/lib/my_robot_controller
[1.136s] copying my_robot_controller/joint_subscriber_node.py -> /home/james/my_robot_controller/build/my_robot_controller/build/lib/my_robot_controller
[1.136s] copying my_robot_controller/joint_publisher_node.py -> /home/james/my_robot_controller/build/my_robot_controller/build/lib/my_robot_controller
[1.136s] running install
[1.136s] running install_lib
[1.137s] creating /home/james/my_robot_controller/install/my_robot_controller/lib/python3.10/site-packages/my_robot_controller
[1.137s] copying /home/james/my_robot_controller/build/my_robot_controller/build/lib/my_robot_controller/__init__.py -> /home/james/my_robot_controller/install/my_robot_controller/lib/python3.10/site-packages/my_robot_controller
[1.137s] copying /home/james/my_robot_controller/build/my_robot_controller/build/lib/my_robot_controller/gripper_test_server.py -> /home/james/my_robot_controller/install/my_robot_controller/lib/python3.10/site-packages/my_robot_controller
[1.137s] copying /home/james/my_robot_controller/build/my_robot_controller/build/lib/my_robot_controller/joint_subscriber_node.py -> /home/james/my_robot_controller/install/my_robot_controller/lib/python3.10/site-packages/my_robot_controller
[1.137s] copying /home/james/my_robot_controller/build/my_robot_controller/build/lib/my_robot_controller/joint_publisher_node.py -> /home/james/my_robot_controller/install/my_robot_controller/lib/python3.10/site-packages/my_robot_controller
[1.138s] byte-compiling /home/james/my_robot_controller/install/my_robot_controller/lib/python3.10/site-packages/my_robot_controller/__init__.py to __init__.cpython-310.pyc
[1.138s] byte-compiling /home/james/my_robot_controller/install/my_robot_controller/lib/python3.10/site-packages/my_robot_controller/gripper_test_server.py to gripper_test_server.cpython-310.pyc
[1.139s] byte-compiling /home/james/my_robot_controller/install/my_robot_controller/lib/python3.10/site-packages/my_robot_controller/joint_subscriber_node.py to joint_subscriber_node.cpython-310.pyc
[1.139s] byte-compiling /home/james/my_robot_controller/install/my_robot_controller/lib/python3.10/site-packages/my_robot_controller/joint_publisher_node.py to joint_publisher_node.cpython-310.pyc
[1.140s] running install_data
[1.140s] creating /home/james/my_robot_controller/install/my_robot_controller/share/ament_index
[1.141s] creating /home/james/my_robot_controller/install/my_robot_controller/share/ament_index/resource_index
[1.141s] creating /home/james/my_robot_controller/install/my_robot_controller/share/ament_index/resource_index/packages
[1.141s] copying resource/my_robot_controller -> /home/james/my_robot_controller/install/my_robot_controller/share/ament_index/resource_index/packages
[1.141s] copying package.xml -> /home/james/my_robot_controller/install/my_robot_controller/share/my_robot_controller
[1.141s] running install_egg_info
[1.142s] Copying build/my_robot_controller/my_robot_controller.egg-info to /home/james/my_robot_controller/install/my_robot_controller/lib/python3.10/site-packages/my_robot_controller-0.0.0-py3.10.egg-info
[1.143s] running install_scripts
[1.162s] writing list of installed files to '/home/james/my_robot_controller/build/my_robot_controller/install.log'
[1.192s] Invoked command in '/home/james/my_robot_controller' returned '0': PYTHONPATH=/home/james/my_robot_controller/build/my_robot_controller/prefix_override:/home/james/my_robot_controller/install/my_robot_controller/lib/python3.10/site-packages:${PYTHONPATH} /usr/bin/python3 setup.py egg_info --egg-base build/my_robot_controller build --build-base /home/james/my_robot_controller/build/my_robot_controller/build install --record /home/james/my_robot_controller/build/my_robot_controller/install.log --single-version-externally-managed
